#-----------------------------------------------------------
# Vivado v2018.3 (64-bit)
# SW Build 2405991 on Thu Dec  6 23:36:41 MST 2018
# IP Build 2404404 on Fri Dec  7 01:43:56 MST 2018
# Start of session at: Sun Oct 13 21:45:15 2019
# Process ID: 12215
# Current directory: /home/cristobalwelch/Desktop/proyecto-entrega-2-grupo-9
# Command line: vivado
# Log file: /home/cristobalwelch/Desktop/proyecto-entrega-2-grupo-9/vivado.log
# Journal file: /home/cristobalwelch/Desktop/proyecto-entrega-2-grupo-9/vivado.jou
#-----------------------------------------------------------
start_gui
open_project /home/cristobalwelch/Desktop/proyecto-entrega-2-grupo-9/Entrega2/Entrega2.xpr
Scanning sources...
Finished scanning sources
INFO: [IP_Flow 19-234] Refreshing IP repositories
INFO: [IP_Flow 19-1704] No user IP repositories specified
INFO: [IP_Flow 19-2313] Loaded Vivado IP repository '/tools/Xilinx/Vivado/2018.3/data/ip'.
open_project: Time (s): cpu = 00:00:19 ; elapsed = 00:00:07 . Memory (MB): peak = 6387.535 ; gain = 71.020 ; free physical = 2684 ; free virtual = 14787
update_compile_order -fileset sources_1
reset_run synth_1
launch_runs impl_1 -to_step write_bitstream -jobs 2
[Sun Oct 13 21:46:35 2019] Launched synth_1...
Run output will be captured here: /home/cristobalwelch/Desktop/proyecto-entrega-2-grupo-9/Entrega2/Entrega2.runs/synth_1/runme.log
[Sun Oct 13 21:46:35 2019] Launched impl_1...
Run output will be captured here: /home/cristobalwelch/Desktop/proyecto-entrega-2-grupo-9/Entrega2/Entrega2.runs/impl_1/runme.log
open_hw
connect_hw_server
INFO: [Labtools 27-2285] Connecting to hw_server url TCP:localhost:3121
INFO: [Labtools 27-2222] Launching hw_server...
INFO: [Labtools 27-2221] Launch Output:

****** Xilinx hw_server v2018.3
  **** Build date : Dec  6 2018-23:53:53
    ** Copyright 1986-2018 Xilinx, Inc. All Rights Reserved.


open_hw_target
INFO: [Labtoolstcl 44-466] Opening hw_target localhost:3121/xilinx_tcf/Digilent/210183735717A
set_property PROGRAM.FILE {/home/cristobalwelch/Desktop/proyecto-entrega-2-grupo-9/Entrega2/Entrega2.runs/impl_1/Principal.bit} [get_hw_devices xc7a35t_0]
current_hw_device [get_hw_devices xc7a35t_0]
refresh_hw_device -update_hw_probes false [lindex [get_hw_devices xc7a35t_0] 0]
INFO: [Labtools 27-1434] Device xc7a35t (JTAG device index = 0) is programmed with a design that has no supported debug core(s) in it.
set_property PROBES.FILE {} [get_hw_devices xc7a35t_0]
set_property FULL_PROBES.FILE {} [get_hw_devices xc7a35t_0]
set_property PROGRAM.FILE {/home/cristobalwelch/Desktop/proyecto-entrega-2-grupo-9/Entrega2/Entrega2.runs/impl_1/Principal.bit} [get_hw_devices xc7a35t_0]
program_hw_devices [get_hw_devices xc7a35t_0]
INFO: [Labtools 27-3164] End of startup status: HIGH
refresh_hw_device [lindex [get_hw_devices xc7a35t_0] 0]
INFO: [Labtools 27-1434] Device xc7a35t (JTAG device index = 0) is programmed with a design that has no supported debug core(s) in it.
close_hw
open_hw
connect_hw_server
INFO: [Labtools 27-2285] Connecting to hw_server url TCP:localhost:3121
INFO: [Labtools 27-2222] Launching hw_server...
INFO: [Labtools 27-2221] Launch Output:

****** Xilinx hw_server v2018.3
  **** Build date : Dec  6 2018-23:53:53
    ** Copyright 1986-2018 Xilinx, Inc. All Rights Reserved.


open_hw_target
INFO: [Labtoolstcl 44-466] Opening hw_target localhost:3121/xilinx_tcf/Digilent/210183735717A
set_property PROGRAM.FILE {/home/cristobalwelch/Desktop/proyecto-entrega-2-grupo-9/Entrega2/Entrega2.runs/impl_1/Principal.bit} [get_hw_devices xc7a35t_0]
current_hw_device [get_hw_devices xc7a35t_0]
refresh_hw_device -update_hw_probes false [lindex [get_hw_devices xc7a35t_0] 0]
INFO: [Labtools 27-1434] Device xc7a35t (JTAG device index = 0) is programmed with a design that has no supported debug core(s) in it.
set_property PROBES.FILE {} [get_hw_devices xc7a35t_0]
set_property FULL_PROBES.FILE {} [get_hw_devices xc7a35t_0]
set_property PROGRAM.FILE {/home/cristobalwelch/Desktop/proyecto-entrega-2-grupo-9/Entrega2/Entrega2.runs/impl_1/Principal.bit} [get_hw_devices xc7a35t_0]
program_hw_devices [get_hw_devices xc7a35t_0]
INFO: [Labtools 27-3164] End of startup status: HIGH
refresh_hw_device [lindex [get_hw_devices xc7a35t_0] 0]
INFO: [Labtools 27-1434] Device xc7a35t (JTAG device index = 0) is programmed with a design that has no supported debug core(s) in it.
close_hw
reset_run synth_1
launch_runs impl_1 -to_step write_bitstream -jobs 2
[Sun Oct 13 22:38:30 2019] Launched synth_1...
Run output will be captured here: /home/cristobalwelch/Desktop/proyecto-entrega-2-grupo-9/Entrega2/Entrega2.runs/synth_1/runme.log
[Sun Oct 13 22:38:30 2019] Launched impl_1...
Run output will be captured here: /home/cristobalwelch/Desktop/proyecto-entrega-2-grupo-9/Entrega2/Entrega2.runs/impl_1/runme.log
reset_run synth_1
launch_runs impl_1 -to_step write_bitstream -jobs 2
[Sun Oct 13 22:41:28 2019] Launched synth_1...
Run output will be captured here: /home/cristobalwelch/Desktop/proyecto-entrega-2-grupo-9/Entrega2/Entrega2.runs/synth_1/runme.log
[Sun Oct 13 22:41:28 2019] Launched impl_1...
Run output will be captured here: /home/cristobalwelch/Desktop/proyecto-entrega-2-grupo-9/Entrega2/Entrega2.runs/impl_1/runme.log
open_hw
connect_hw_server
INFO: [Labtools 27-2285] Connecting to hw_server url TCP:localhost:3121
INFO: [Labtools 27-2222] Launching hw_server...
INFO: [Labtools 27-2221] Launch Output:

****** Xilinx hw_server v2018.3
  **** Build date : Dec  6 2018-23:53:53
    ** Copyright 1986-2018 Xilinx, Inc. All Rights Reserved.


open_hw_target
INFO: [Labtoolstcl 44-466] Opening hw_target localhost:3121/xilinx_tcf/Digilent/210183735717A
set_property PROGRAM.FILE {/home/cristobalwelch/Desktop/proyecto-entrega-2-grupo-9/Entrega2/Entrega2.runs/impl_1/Principal.bit} [get_hw_devices xc7a35t_0]
current_hw_device [get_hw_devices xc7a35t_0]
refresh_hw_device -update_hw_probes false [lindex [get_hw_devices xc7a35t_0] 0]
INFO: [Labtools 27-1434] Device xc7a35t (JTAG device index = 0) is programmed with a design that has no supported debug core(s) in it.
set_property PROBES.FILE {} [get_hw_devices xc7a35t_0]
set_property FULL_PROBES.FILE {} [get_hw_devices xc7a35t_0]
set_property PROGRAM.FILE {/home/cristobalwelch/Desktop/proyecto-entrega-2-grupo-9/Entrega2/Entrega2.runs/impl_1/Principal.bit} [get_hw_devices xc7a35t_0]
program_hw_devices [get_hw_devices xc7a35t_0]
INFO: [Labtools 27-3164] End of startup status: HIGH
refresh_hw_device [lindex [get_hw_devices xc7a35t_0] 0]
INFO: [Labtools 27-1434] Device xc7a35t (JTAG device index = 0) is programmed with a design that has no supported debug core(s) in it.
reset_run synth_1
launch_runs impl_1 -to_step write_bitstream -jobs 2
[Sun Oct 13 22:53:09 2019] Launched synth_1...
Run output will be captured here: /home/cristobalwelch/Desktop/proyecto-entrega-2-grupo-9/Entrega2/Entrega2.runs/synth_1/runme.log
[Sun Oct 13 22:53:09 2019] Launched impl_1...
Run output will be captured here: /home/cristobalwelch/Desktop/proyecto-entrega-2-grupo-9/Entrega2/Entrega2.runs/impl_1/runme.log
open_run impl_1
INFO: [Netlist 29-17] Analyzing 53 Unisim elements for replacement
INFO: [Netlist 29-28] Unisim Transformation completed in 0 CPU seconds
INFO: [Project 1-479] Netlist was created with Vivado 2018.3
INFO: [Device 21-403] Loading part xc7a35tcpg236-1
INFO: [Project 1-570] Preparing netlist for logic optimization
INFO: [Timing 38-478] Restoring timing data from binary archive.
INFO: [Timing 38-479] Binary timing data restore complete.
INFO: [Project 1-856] Restoring constraints from binary archive.
INFO: [Project 1-853] Binary constraint restore complete.
Reading XDEF placement.
Reading placer database...
Reading XDEF routing.
Read XDEF File: Time (s): cpu = 00:00:00.05 ; elapsed = 00:00:00.05 . Memory (MB): peak = 8174.750 ; gain = 0.000 ; free physical = 1062 ; free virtual = 13003
Restored from archive | CPU: 0.050000 secs | Memory: 0.515549 MB |
Finished XDEF File Restore: Time (s): cpu = 00:00:00.05 ; elapsed = 00:00:00.05 . Memory (MB): peak = 8174.750 ; gain = 0.000 ; free physical = 1062 ; free virtual = 13003
Netlist sorting complete. Time (s): cpu = 00:00:00 ; elapsed = 00:00:00 . Memory (MB): peak = 8174.750 ; gain = 0.000 ; free physical = 1062 ; free virtual = 13004
INFO: [Project 1-111] Unisim Transformation Summary:
  A total of 16 instances were transformed.
  RAM256X1S => RAM256X1S (MUXF7, MUXF7, MUXF8, RAMS64E, RAMS64E, RAMS64E, RAMS64E): 16 instances

open_run: Time (s): cpu = 00:00:27 ; elapsed = 00:00:18 . Memory (MB): peak = 8330.059 ; gain = 891.262 ; free physical = 990 ; free virtual = 12946
set_property PROBES.FILE {} [get_hw_devices xc7a35t_0]
set_property FULL_PROBES.FILE {} [get_hw_devices xc7a35t_0]
set_property PROGRAM.FILE {/home/cristobalwelch/Desktop/proyecto-entrega-2-grupo-9/Entrega2/Entrega2.runs/impl_1/Principal.bit} [get_hw_devices xc7a35t_0]
program_hw_devices [get_hw_devices xc7a35t_0]
INFO: [Labtools 27-3164] End of startup status: HIGH
refresh_hw_device [lindex [get_hw_devices xc7a35t_0] 0]
INFO: [Labtools 27-1434] Device xc7a35t (JTAG device index = 0) is programmed with a design that has no supported debug core(s) in it.
reset_run synth_1
launch_runs impl_1 -to_step write_bitstream -jobs 2
[Sun Oct 13 23:00:50 2019] Launched synth_1...
Run output will be captured here: /home/cristobalwelch/Desktop/proyecto-entrega-2-grupo-9/Entrega2/Entrega2.runs/synth_1/runme.log
[Sun Oct 13 23:00:50 2019] Launched impl_1...
Run output will be captured here: /home/cristobalwelch/Desktop/proyecto-entrega-2-grupo-9/Entrega2/Entrega2.runs/impl_1/runme.log
set_property PROBES.FILE {} [get_hw_devices xc7a35t_0]
set_property FULL_PROBES.FILE {} [get_hw_devices xc7a35t_0]
set_property PROGRAM.FILE {/home/cristobalwelch/Desktop/proyecto-entrega-2-grupo-9/Entrega2/Entrega2.runs/impl_1/Principal.bit} [get_hw_devices xc7a35t_0]
program_hw_devices [get_hw_devices xc7a35t_0]
INFO: [Labtools 27-3164] End of startup status: HIGH
refresh_hw_device [lindex [get_hw_devices xc7a35t_0] 0]
INFO: [Labtools 27-1434] Device xc7a35t (JTAG device index = 0) is programmed with a design that has no supported debug core(s) in it.
reset_run synth_1
launch_runs impl_1 -to_step write_bitstream -jobs 2
[Sun Oct 13 23:07:54 2019] Launched synth_1...
Run output will be captured here: /home/cristobalwelch/Desktop/proyecto-entrega-2-grupo-9/Entrega2/Entrega2.runs/synth_1/runme.log
[Sun Oct 13 23:07:54 2019] Launched impl_1...
Run output will be captured here: /home/cristobalwelch/Desktop/proyecto-entrega-2-grupo-9/Entrega2/Entrega2.runs/impl_1/runme.log
set_property PROBES.FILE {} [get_hw_devices xc7a35t_0]
set_property FULL_PROBES.FILE {} [get_hw_devices xc7a35t_0]
set_property PROGRAM.FILE {/home/cristobalwelch/Desktop/proyecto-entrega-2-grupo-9/Entrega2/Entrega2.runs/impl_1/Principal.bit} [get_hw_devices xc7a35t_0]
program_hw_devices [get_hw_devices xc7a35t_0]
INFO: [Labtools 27-3164] End of startup status: HIGH
refresh_hw_device [lindex [get_hw_devices xc7a35t_0] 0]
INFO: [Labtools 27-1434] Device xc7a35t (JTAG device index = 0) is programmed with a design that has no supported debug core(s) in it.
reset_run synth_1
launch_runs impl_1 -to_step write_bitstream -jobs 2
[Sun Oct 13 23:11:13 2019] Launched synth_1...
Run output will be captured here: /home/cristobalwelch/Desktop/proyecto-entrega-2-grupo-9/Entrega2/Entrega2.runs/synth_1/runme.log
[Sun Oct 13 23:11:13 2019] Launched impl_1...
Run output will be captured here: /home/cristobalwelch/Desktop/proyecto-entrega-2-grupo-9/Entrega2/Entrega2.runs/impl_1/runme.log
set_property PROBES.FILE {} [get_hw_devices xc7a35t_0]
set_property FULL_PROBES.FILE {} [get_hw_devices xc7a35t_0]
set_property PROGRAM.FILE {/home/cristobalwelch/Desktop/proyecto-entrega-2-grupo-9/Entrega2/Entrega2.runs/impl_1/Principal.bit} [get_hw_devices xc7a35t_0]
program_hw_devices [get_hw_devices xc7a35t_0]
INFO: [Labtools 27-3164] End of startup status: HIGH
refresh_hw_device [lindex [get_hw_devices xc7a35t_0] 0]
INFO: [Labtools 27-1434] Device xc7a35t (JTAG device index = 0) is programmed with a design that has no supported debug core(s) in it.
reset_run synth_1
launch_runs impl_1 -to_step write_bitstream -jobs 2
[Sun Oct 13 23:17:15 2019] Launched synth_1...
Run output will be captured here: /home/cristobalwelch/Desktop/proyecto-entrega-2-grupo-9/Entrega2/Entrega2.runs/synth_1/runme.log
[Sun Oct 13 23:17:15 2019] Launched impl_1...
Run output will be captured here: /home/cristobalwelch/Desktop/proyecto-entrega-2-grupo-9/Entrega2/Entrega2.runs/impl_1/runme.log
set_property PROBES.FILE {} [get_hw_devices xc7a35t_0]
set_property FULL_PROBES.FILE {} [get_hw_devices xc7a35t_0]
set_property PROGRAM.FILE {/home/cristobalwelch/Desktop/proyecto-entrega-2-grupo-9/Entrega2/Entrega2.runs/impl_1/Principal.bit} [get_hw_devices xc7a35t_0]
program_hw_devices [get_hw_devices xc7a35t_0]
INFO: [Labtools 27-3164] End of startup status: HIGH
refresh_hw_device [lindex [get_hw_devices xc7a35t_0] 0]
INFO: [Labtools 27-1434] Device xc7a35t (JTAG device index = 0) is programmed with a design that has no supported debug core(s) in it.
reset_run synth_1
launch_runs impl_1 -to_step write_bitstream -jobs 2
[Sun Oct 13 23:29:31 2019] Launched synth_1...
Run output will be captured here: /home/cristobalwelch/Desktop/proyecto-entrega-2-grupo-9/Entrega2/Entrega2.runs/synth_1/runme.log
[Sun Oct 13 23:29:31 2019] Launched impl_1...
Run output will be captured here: /home/cristobalwelch/Desktop/proyecto-entrega-2-grupo-9/Entrega2/Entrega2.runs/impl_1/runme.log
set_property PROBES.FILE {} [get_hw_devices xc7a35t_0]
set_property FULL_PROBES.FILE {} [get_hw_devices xc7a35t_0]
set_property PROGRAM.FILE {/home/cristobalwelch/Desktop/proyecto-entrega-2-grupo-9/Entrega2/Entrega2.runs/impl_1/Principal.bit} [get_hw_devices xc7a35t_0]
program_hw_devices [get_hw_devices xc7a35t_0]
INFO: [Labtools 27-3164] End of startup status: HIGH
refresh_hw_device [lindex [get_hw_devices xc7a35t_0] 0]
INFO: [Labtools 27-1434] Device xc7a35t (JTAG device index = 0) is programmed with a design that has no supported debug core(s) in it.
set_property PROBES.FILE {} [get_hw_devices xc7a35t_0]
set_property FULL_PROBES.FILE {} [get_hw_devices xc7a35t_0]
set_property PROGRAM.FILE {/home/cristobalwelch/Desktop/proyecto-entrega-2-grupo-9/Entrega2/Entrega2.runs/impl_1/Principal.bit} [get_hw_devices xc7a35t_0]
program_hw_devices [get_hw_devices xc7a35t_0]
INFO: [Labtools 27-3164] End of startup status: HIGH
refresh_hw_device [lindex [get_hw_devices xc7a35t_0] 0]
INFO: [Labtools 27-1434] Device xc7a35t (JTAG device index = 0) is programmed with a design that has no supported debug core(s) in it.
set_property PROBES.FILE {} [get_hw_devices xc7a35t_0]
set_property FULL_PROBES.FILE {} [get_hw_devices xc7a35t_0]
set_property PROGRAM.FILE {/home/cristobalwelch/Desktop/proyecto-entrega-2-grupo-9/Entrega2/Entrega2.runs/impl_1/Principal.bit} [get_hw_devices xc7a35t_0]
program_hw_devices [get_hw_devices xc7a35t_0]
INFO: [Labtools 27-3164] End of startup status: HIGH
refresh_hw_device [lindex [get_hw_devices xc7a35t_0] 0]
INFO: [Labtools 27-1434] Device xc7a35t (JTAG device index = 0) is programmed with a design that has no supported debug core(s) in it.
set_property PROBES.FILE {} [get_hw_devices xc7a35t_0]
set_property FULL_PROBES.FILE {} [get_hw_devices xc7a35t_0]
set_property PROGRAM.FILE {/home/cristobalwelch/Desktop/proyecto-entrega-2-grupo-9/Entrega2/Entrega2.runs/impl_1/Principal.bit} [get_hw_devices xc7a35t_0]
program_hw_devices [get_hw_devices xc7a35t_0]
INFO: [Labtools 27-3164] End of startup status: HIGH
refresh_hw_device [lindex [get_hw_devices xc7a35t_0] 0]
INFO: [Labtools 27-1434] Device xc7a35t (JTAG device index = 0) is programmed with a design that has no supported debug core(s) in it.
reset_run synth_1
launch_runs impl_1 -to_step write_bitstream -jobs 2
[Sun Oct 13 23:54:52 2019] Launched synth_1...
Run output will be captured here: /home/cristobalwelch/Desktop/proyecto-entrega-2-grupo-9/Entrega2/Entrega2.runs/synth_1/runme.log
[Sun Oct 13 23:54:52 2019] Launched impl_1...
Run output will be captured here: /home/cristobalwelch/Desktop/proyecto-entrega-2-grupo-9/Entrega2/Entrega2.runs/impl_1/runme.log
set_property PROBES.FILE {} [get_hw_devices xc7a35t_0]
set_property FULL_PROBES.FILE {} [get_hw_devices xc7a35t_0]
set_property PROGRAM.FILE {/home/cristobalwelch/Desktop/proyecto-entrega-2-grupo-9/Entrega2/Entrega2.runs/impl_1/Principal.bit} [get_hw_devices xc7a35t_0]
program_hw_devices [get_hw_devices xc7a35t_0]
INFO: [Labtools 27-3164] End of startup status: HIGH
refresh_hw_device [lindex [get_hw_devices xc7a35t_0] 0]
INFO: [Labtools 27-1434] Device xc7a35t (JTAG device index = 0) is programmed with a design that has no supported debug core(s) in it.
reset_run synth_1
launch_runs impl_1 -to_step write_bitstream -jobs 2
[Mon Oct 14 00:06:17 2019] Launched synth_1...
Run output will be captured here: /home/cristobalwelch/Desktop/proyecto-entrega-2-grupo-9/Entrega2/Entrega2.runs/synth_1/runme.log
[Mon Oct 14 00:06:17 2019] Launched impl_1...
Run output will be captured here: /home/cristobalwelch/Desktop/proyecto-entrega-2-grupo-9/Entrega2/Entrega2.runs/impl_1/runme.log
set_property PROBES.FILE {} [get_hw_devices xc7a35t_0]
set_property FULL_PROBES.FILE {} [get_hw_devices xc7a35t_0]
set_property PROGRAM.FILE {/home/cristobalwelch/Desktop/proyecto-entrega-2-grupo-9/Entrega2/Entrega2.runs/impl_1/Principal.bit} [get_hw_devices xc7a35t_0]
program_hw_devices [get_hw_devices xc7a35t_0]
INFO: [Labtools 27-3164] End of startup status: HIGH
refresh_hw_device [lindex [get_hw_devices xc7a35t_0] 0]
INFO: [Labtools 27-1434] Device xc7a35t (JTAG device index = 0) is programmed with a design that has no supported debug core(s) in it.
reset_run synth_1
launch_runs impl_1 -to_step write_bitstream -jobs 2
[Mon Oct 14 00:12:27 2019] Launched synth_1...
Run output will be captured here: /home/cristobalwelch/Desktop/proyecto-entrega-2-grupo-9/Entrega2/Entrega2.runs/synth_1/runme.log
[Mon Oct 14 00:12:27 2019] Launched impl_1...
Run output will be captured here: /home/cristobalwelch/Desktop/proyecto-entrega-2-grupo-9/Entrega2/Entrega2.runs/impl_1/runme.log
set_property PROBES.FILE {} [get_hw_devices xc7a35t_0]
set_property FULL_PROBES.FILE {} [get_hw_devices xc7a35t_0]
set_property PROGRAM.FILE {/home/cristobalwelch/Desktop/proyecto-entrega-2-grupo-9/Entrega2/Entrega2.runs/impl_1/Principal.bit} [get_hw_devices xc7a35t_0]
program_hw_devices [get_hw_devices xc7a35t_0]
INFO: [Labtools 27-3164] End of startup status: HIGH
refresh_hw_device [lindex [get_hw_devices xc7a35t_0] 0]
INFO: [Labtools 27-1434] Device xc7a35t (JTAG device index = 0) is programmed with a design that has no supported debug core(s) in it.
reset_run synth_1
launch_runs impl_1 -to_step write_bitstream -jobs 2
[Mon Oct 14 00:17:49 2019] Launched synth_1...
Run output will be captured here: /home/cristobalwelch/Desktop/proyecto-entrega-2-grupo-9/Entrega2/Entrega2.runs/synth_1/runme.log
[Mon Oct 14 00:17:49 2019] Launched impl_1...
Run output will be captured here: /home/cristobalwelch/Desktop/proyecto-entrega-2-grupo-9/Entrega2/Entrega2.runs/impl_1/runme.log
set_property PROBES.FILE {} [get_hw_devices xc7a35t_0]
set_property FULL_PROBES.FILE {} [get_hw_devices xc7a35t_0]
set_property PROGRAM.FILE {/home/cristobalwelch/Desktop/proyecto-entrega-2-grupo-9/Entrega2/Entrega2.runs/impl_1/Principal.bit} [get_hw_devices xc7a35t_0]
program_hw_devices [get_hw_devices xc7a35t_0]
INFO: [Labtools 27-3164] End of startup status: HIGH
refresh_hw_device [lindex [get_hw_devices xc7a35t_0] 0]
INFO: [Labtools 27-1434] Device xc7a35t (JTAG device index = 0) is programmed with a design that has no supported debug core(s) in it.
reset_run synth_1
launch_runs impl_1 -to_step write_bitstream -jobs 2
[Mon Oct 14 00:21:19 2019] Launched synth_1...
Run output will be captured here: /home/cristobalwelch/Desktop/proyecto-entrega-2-grupo-9/Entrega2/Entrega2.runs/synth_1/runme.log
[Mon Oct 14 00:21:19 2019] Launched impl_1...
Run output will be captured here: /home/cristobalwelch/Desktop/proyecto-entrega-2-grupo-9/Entrega2/Entrega2.runs/impl_1/runme.log
set_property PROBES.FILE {} [get_hw_devices xc7a35t_0]
set_property FULL_PROBES.FILE {} [get_hw_devices xc7a35t_0]
set_property PROGRAM.FILE {/home/cristobalwelch/Desktop/proyecto-entrega-2-grupo-9/Entrega2/Entrega2.runs/impl_1/Principal.bit} [get_hw_devices xc7a35t_0]
program_hw_devices [get_hw_devices xc7a35t_0]
INFO: [Labtools 27-3164] End of startup status: HIGH
refresh_hw_device [lindex [get_hw_devices xc7a35t_0] 0]
INFO: [Labtools 27-1434] Device xc7a35t (JTAG device index = 0) is programmed with a design that has no supported debug core(s) in it.
reset_run synth_1
launch_runs impl_1 -to_step write_bitstream -jobs 2
[Mon Oct 14 00:33:20 2019] Launched synth_1...
Run output will be captured here: /home/cristobalwelch/Desktop/proyecto-entrega-2-grupo-9/Entrega2/Entrega2.runs/synth_1/runme.log
[Mon Oct 14 00:33:20 2019] Launched impl_1...
Run output will be captured here: /home/cristobalwelch/Desktop/proyecto-entrega-2-grupo-9/Entrega2/Entrega2.runs/impl_1/runme.log
set_property PROBES.FILE {} [get_hw_devices xc7a35t_0]
set_property FULL_PROBES.FILE {} [get_hw_devices xc7a35t_0]
set_property PROGRAM.FILE {/home/cristobalwelch/Desktop/proyecto-entrega-2-grupo-9/Entrega2/Entrega2.runs/impl_1/Principal.bit} [get_hw_devices xc7a35t_0]
program_hw_devices [get_hw_devices xc7a35t_0]
INFO: [Labtools 27-3164] End of startup status: HIGH
refresh_hw_device [lindex [get_hw_devices xc7a35t_0] 0]
INFO: [Labtools 27-1434] Device xc7a35t (JTAG device index = 0) is programmed with a design that has no supported debug core(s) in it.
reset_run synth_1
launch_runs impl_1 -to_step write_bitstream -jobs 2
[Mon Oct 14 00:39:30 2019] Launched synth_1...
Run output will be captured here: /home/cristobalwelch/Desktop/proyecto-entrega-2-grupo-9/Entrega2/Entrega2.runs/synth_1/runme.log
[Mon Oct 14 00:39:30 2019] Launched impl_1...
Run output will be captured here: /home/cristobalwelch/Desktop/proyecto-entrega-2-grupo-9/Entrega2/Entrega2.runs/impl_1/runme.log
reset_run synth_1
launch_runs impl_1 -to_step write_bitstream -jobs 2
[Mon Oct 14 00:40:51 2019] Launched synth_1...
Run output will be captured here: /home/cristobalwelch/Desktop/proyecto-entrega-2-grupo-9/Entrega2/Entrega2.runs/synth_1/runme.log
[Mon Oct 14 00:40:51 2019] Launched impl_1...
Run output will be captured here: /home/cristobalwelch/Desktop/proyecto-entrega-2-grupo-9/Entrega2/Entrega2.runs/impl_1/runme.log
set_property PROBES.FILE {} [get_hw_devices xc7a35t_0]
set_property FULL_PROBES.FILE {} [get_hw_devices xc7a35t_0]
set_property PROGRAM.FILE {/home/cristobalwelch/Desktop/proyecto-entrega-2-grupo-9/Entrega2/Entrega2.runs/impl_1/Principal.bit} [get_hw_devices xc7a35t_0]
program_hw_devices [get_hw_devices xc7a35t_0]
INFO: [Labtools 27-3164] End of startup status: HIGH
refresh_hw_device [lindex [get_hw_devices xc7a35t_0] 0]
INFO: [Labtools 27-1434] Device xc7a35t (JTAG device index = 0) is programmed with a design that has no supported debug core(s) in it.
set_property PROBES.FILE {} [get_hw_devices xc7a35t_0]
set_property FULL_PROBES.FILE {} [get_hw_devices xc7a35t_0]
set_property PROGRAM.FILE {/home/cristobalwelch/Desktop/proyecto-entrega-2-grupo-9/Entrega2/Entrega2.runs/impl_1/Principal.bit} [get_hw_devices xc7a35t_0]
program_hw_devices [get_hw_devices xc7a35t_0]
INFO: [Labtools 27-3164] End of startup status: HIGH
refresh_hw_device [lindex [get_hw_devices xc7a35t_0] 0]
INFO: [Labtools 27-1434] Device xc7a35t (JTAG device index = 0) is programmed with a design that has no supported debug core(s) in it.
reset_run synth_1
launch_runs impl_1 -to_step write_bitstream -jobs 2
[Mon Oct 14 00:47:58 2019] Launched synth_1...
Run output will be captured here: /home/cristobalwelch/Desktop/proyecto-entrega-2-grupo-9/Entrega2/Entrega2.runs/synth_1/runme.log
[Mon Oct 14 00:47:58 2019] Launched impl_1...
Run output will be captured here: /home/cristobalwelch/Desktop/proyecto-entrega-2-grupo-9/Entrega2/Entrega2.runs/impl_1/runme.log
set_property PROBES.FILE {} [get_hw_devices xc7a35t_0]
set_property FULL_PROBES.FILE {} [get_hw_devices xc7a35t_0]
set_property PROGRAM.FILE {/home/cristobalwelch/Desktop/proyecto-entrega-2-grupo-9/Entrega2/Entrega2.runs/impl_1/Principal.bit} [get_hw_devices xc7a35t_0]
program_hw_devices [get_hw_devices xc7a35t_0]
INFO: [Labtools 27-3164] End of startup status: HIGH
refresh_hw_device [lindex [get_hw_devices xc7a35t_0] 0]
INFO: [Labtools 27-1434] Device xc7a35t (JTAG device index = 0) is programmed with a design that has no supported debug core(s) in it.
reset_run synth_1
launch_runs impl_1 -to_step write_bitstream -jobs 2
[Mon Oct 14 00:51:49 2019] Launched synth_1...
Run output will be captured here: /home/cristobalwelch/Desktop/proyecto-entrega-2-grupo-9/Entrega2/Entrega2.runs/synth_1/runme.log
[Mon Oct 14 00:51:49 2019] Launched impl_1...
Run output will be captured here: /home/cristobalwelch/Desktop/proyecto-entrega-2-grupo-9/Entrega2/Entrega2.runs/impl_1/runme.log
set_property PROBES.FILE {} [get_hw_devices xc7a35t_0]
set_property FULL_PROBES.FILE {} [get_hw_devices xc7a35t_0]
set_property PROGRAM.FILE {/home/cristobalwelch/Desktop/proyecto-entrega-2-grupo-9/Entrega2/Entrega2.runs/impl_1/Principal.bit} [get_hw_devices xc7a35t_0]
program_hw_devices [get_hw_devices xc7a35t_0]
INFO: [Labtools 27-3164] End of startup status: HIGH
refresh_hw_device [lindex [get_hw_devices xc7a35t_0] 0]
INFO: [Labtools 27-1434] Device xc7a35t (JTAG device index = 0) is programmed with a design that has no supported debug core(s) in it.
reset_run synth_1
launch_runs impl_1 -to_step write_bitstream -jobs 2
[Mon Oct 14 00:56:55 2019] Launched synth_1...
Run output will be captured here: /home/cristobalwelch/Desktop/proyecto-entrega-2-grupo-9/Entrega2/Entrega2.runs/synth_1/runme.log
[Mon Oct 14 00:56:55 2019] Launched impl_1...
Run output will be captured here: /home/cristobalwelch/Desktop/proyecto-entrega-2-grupo-9/Entrega2/Entrega2.runs/impl_1/runme.log
set_property PROBES.FILE {} [get_hw_devices xc7a35t_0]
set_property FULL_PROBES.FILE {} [get_hw_devices xc7a35t_0]
set_property PROGRAM.FILE {/home/cristobalwelch/Desktop/proyecto-entrega-2-grupo-9/Entrega2/Entrega2.runs/impl_1/Principal.bit} [get_hw_devices xc7a35t_0]
program_hw_devices [get_hw_devices xc7a35t_0]
INFO: [Labtools 27-3164] End of startup status: HIGH
refresh_hw_device [lindex [get_hw_devices xc7a35t_0] 0]
INFO: [Labtools 27-1434] Device xc7a35t (JTAG device index = 0) is programmed with a design that has no supported debug core(s) in it.
reset_run synth_1
launch_runs impl_1 -to_step write_bitstream -jobs 2
[Mon Oct 14 01:03:37 2019] Launched synth_1...
Run output will be captured here: /home/cristobalwelch/Desktop/proyecto-entrega-2-grupo-9/Entrega2/Entrega2.runs/synth_1/runme.log
[Mon Oct 14 01:03:37 2019] Launched impl_1...
Run output will be captured here: /home/cristobalwelch/Desktop/proyecto-entrega-2-grupo-9/Entrega2/Entrega2.runs/impl_1/runme.log
set_property PROBES.FILE {} [get_hw_devices xc7a35t_0]
set_property FULL_PROBES.FILE {} [get_hw_devices xc7a35t_0]
set_property PROGRAM.FILE {/home/cristobalwelch/Desktop/proyecto-entrega-2-grupo-9/Entrega2/Entrega2.runs/impl_1/Principal.bit} [get_hw_devices xc7a35t_0]
program_hw_devices [get_hw_devices xc7a35t_0]
INFO: [Labtools 27-3164] End of startup status: HIGH
refresh_hw_device [lindex [get_hw_devices xc7a35t_0] 0]
INFO: [Labtools 27-1434] Device xc7a35t (JTAG device index = 0) is programmed with a design that has no supported debug core(s) in it.
reset_run synth_1
launch_runs impl_1 -to_step write_bitstream -jobs 2
[Mon Oct 14 01:08:29 2019] Launched synth_1...
Run output will be captured here: /home/cristobalwelch/Desktop/proyecto-entrega-2-grupo-9/Entrega2/Entrega2.runs/synth_1/runme.log
[Mon Oct 14 01:08:29 2019] Launched impl_1...
Run output will be captured here: /home/cristobalwelch/Desktop/proyecto-entrega-2-grupo-9/Entrega2/Entrega2.runs/impl_1/runme.log
set_property PROBES.FILE {} [get_hw_devices xc7a35t_0]
set_property FULL_PROBES.FILE {} [get_hw_devices xc7a35t_0]
set_property PROGRAM.FILE {/home/cristobalwelch/Desktop/proyecto-entrega-2-grupo-9/Entrega2/Entrega2.runs/impl_1/Principal.bit} [get_hw_devices xc7a35t_0]
program_hw_devices [get_hw_devices xc7a35t_0]
INFO: [Labtools 27-3164] End of startup status: HIGH
refresh_hw_device [lindex [get_hw_devices xc7a35t_0] 0]
INFO: [Labtools 27-1434] Device xc7a35t (JTAG device index = 0) is programmed with a design that has no supported debug core(s) in it.
exit
INFO: [Common 17-206] Exiting Vivado at Mon Oct 14 01:11:52 2019...
