#-----------------------------------------------------------
# Vivado v2018.3 (64-bit)
# SW Build 2405991 on Thu Dec  6 23:36:41 MST 2018
# IP Build 2404404 on Fri Dec  7 01:43:56 MST 2018
# Start of session at: Mon Sep 23 10:28:42 2019
# Process ID: 3829
# Current directory: /home/federico/Desktop/proyecto-entrega-2-grupo-9
# Command line: vivado
# Log file: /home/federico/Desktop/proyecto-entrega-2-grupo-9/vivado.log
# Journal file: /home/federico/Desktop/proyecto-entrega-2-grupo-9/vivado.jou
#-----------------------------------------------------------
start_gui
open_project /home/federico/Desktop/proyecto-entrega-2-grupo-9/Entrega2/Entrega2.xpr
INFO: [Project 1-313] Project file moved from 'C:/Users/Joaquin Camus/Documents/Progra/U/ArquiComputadores/proyecto-entrega-2-grupo-9/Entrega2' since last save.
Scanning sources...
Finished scanning sources
WARNING: [filemgmt 56-2] IPUserFilesDir: Could not find the directory '/home/federico/Desktop/proyecto-entrega-2-grupo-9/Entrega2/Entrega2.ip_user_files', nor could it be found using path '/home/federico/Desktop/proyecto-entrega-2-grupo-9/C:/Users/Joaquin Camus/Documents/Progra/U/ArquiComputadores/proyecto-entrega-2-grupo-9/Entrega2/Entrega2.ip_user_files'.
INFO: [IP_Flow 19-234] Refreshing IP repositories
INFO: [IP_Flow 19-1704] No user IP repositories specified
INFO: [IP_Flow 19-2313] Loaded Vivado IP repository '/tools/Xilinx/Vivado/2018.3/data/ip'.
open_project: Time (s): cpu = 00:00:08 ; elapsed = 00:00:10 . Memory (MB): peak = 6166.418 ; gain = 84.781 ; free physical = 308 ; free virtual = 4072
update_compile_order -fileset sources_1
add_files -norecurse /home/federico/Desktop/proyecto-entrega-1c-fedetaladriz/project_final.srcs/sources_1/new/fulladder4.vhd
update_compile_order -fileset sources_1
add_files -norecurse {/home/federico/Desktop/proyecto-entrega-1c-fedetaladriz/project_final.srcs/sources_1/new/and2.vhd /home/federico/Desktop/proyecto-entrega-1c-fedetaladriz/project_final.srcs/sources_1/new/xor3.vhd /home/federico/Desktop/proyecto-entrega-1c-fedetaladriz/project_final.srcs/sources_1/new/or2.vhd}
update_compile_order -fileset sources_1
add_files -norecurse /home/federico/Desktop/proyecto-entrega-1c-fedetaladriz/project_final.srcs/sources_1/new/full_adder4.vhd
update_compile_order -fileset sources_1
add_files -norecurse /home/federico/Desktop/proyecto-entrega-1c-fedetaladriz/binary_bcd_decoder.vhd
update_compile_order -fileset sources_1
close [ open /home/federico/Desktop/proyecto-entrega-2-grupo-9/Entrega2/Entrega2.srcs/sources_1/new/adder16.vhd w ]
add_files /home/federico/Desktop/proyecto-entrega-2-grupo-9/Entrega2/Entrega2.srcs/sources_1/new/adder16.vhd
update_compile_order -fileset sources_1
close [ open /home/federico/Desktop/proyecto-entrega-2-grupo-9/Entrega2/Entrega2.srcs/sources_1/new/adder16.vhd w ]
add_files /home/federico/Desktop/proyecto-entrega-2-grupo-9/Entrega2/Entrega2.srcs/sources_1/new/adder16.vhd
WARNING: [filemgmt 56-12] File '/home/federico/Desktop/proyecto-entrega-2-grupo-9/Entrega2/Entrega2.srcs/sources_1/new/adder16.vhd' cannot be added to the project because it already exists in the project, skipping this file
close [ open /home/federico/Desktop/proyecto-entrega-2-grupo-9/Entrega2/Entrega2.srcs/sources_1/new/adder16.vhd w ]
add_files /home/federico/Desktop/proyecto-entrega-2-grupo-9/Entrega2/Entrega2.srcs/sources_1/new/adder16.vhd
WARNING: [filemgmt 56-12] File '/home/federico/Desktop/proyecto-entrega-2-grupo-9/Entrega2/Entrega2.srcs/sources_1/new/adder16.vhd' cannot be added to the project because it already exists in the project, skipping this file
close [ open /home/federico/Desktop/proyecto-entrega-2-grupo-9/Entrega2/Entrega2.srcs/sources_1/new/sub16.vhd w ]
add_files /home/federico/Desktop/proyecto-entrega-2-grupo-9/Entrega2/Entrega2.srcs/sources_1/new/sub16.vhd
update_compile_order -fileset sources_1
export_ip_user_files -of_objects  [get_files /home/federico/Desktop/proyecto-entrega-1c-fedetaladriz/project_final.srcs/sources_1/new/fulladder4.vhd] -no_script -reset -force -quiet
remove_files  /home/federico/Desktop/proyecto-entrega-1c-fedetaladriz/project_final.srcs/sources_1/new/fulladder4.vhd
update_compile_order -fileset sources_1
update_compile_order -fileset sources_1
launch_runs synth_1
[Tue Oct  8 21:05:32 2019] Launched synth_1...
Run output will be captured here: /home/federico/Desktop/proyecto-entrega-2-grupo-9/Entrega2/Entrega2.runs/synth_1/runme.log
update_files -from_files /home/federico/Desktop/proyecto-entrega-2-grupo-9/Entrega2/Entrega2.srcs/sources_1/imports/new/xor3.vhd -to_files /home/federico/Desktop/proyecto-entrega-1c-fedetaladriz/project_final.srcs/sources_1/new/xor3.vhd -filesets [get_filesets *]
INFO: [filemgmt 20-762] Replacing file '/home/federico/Desktop/proyecto-entrega-1c-fedetaladriz/project_final.srcs/sources_1/new/xor3.vhd' with file '/home/federico/Desktop/proyecto-entrega-2-grupo-9/Entrega2/Entrega2.srcs/sources_1/imports/new/xor3.vhd'.
update_compile_order -fileset sources_1
add_files -norecurse {/home/federico/Desktop/proyecto-entrega-2-grupo-9/Entrega2/Entrega2.srcs/sources_1/imports/new/or2.vhd /home/federico/Desktop/proyecto-entrega-2-grupo-9/Entrega2/Entrega2.srcs/sources_1/imports/new/and2.vhd}
update_compile_order -fileset sources_1
update_files -from_files /home/federico/Desktop/proyecto-entrega-2-grupo-9/Entrega2/Entrega2.srcs/sources_1/imports/new/and2.vhd -to_files /home/federico/Desktop/proyecto-entrega-1c-fedetaladriz/project_final.srcs/sources_1/new/and2.vhd -filesets [get_filesets *]
INFO: [filemgmt 20-762] Replacing file '/home/federico/Desktop/proyecto-entrega-1c-fedetaladriz/project_final.srcs/sources_1/new/and2.vhd' with file '/home/federico/Desktop/proyecto-entrega-2-grupo-9/Entrega2/Entrega2.srcs/sources_1/imports/new/and2.vhd'.
update_files -from_files /home/federico/Desktop/proyecto-entrega-2-grupo-9/Entrega2/Entrega2.srcs/sources_1/imports/new/or2.vhd -to_files /home/federico/Desktop/proyecto-entrega-1c-fedetaladriz/project_final.srcs/sources_1/new/or2.vhd -filesets [get_filesets *]
INFO: [filemgmt 20-762] Replacing file '/home/federico/Desktop/proyecto-entrega-1c-fedetaladriz/project_final.srcs/sources_1/new/or2.vhd' with file '/home/federico/Desktop/proyecto-entrega-2-grupo-9/Entrega2/Entrega2.srcs/sources_1/imports/new/or2.vhd'.
update_files -from_files /home/federico/Desktop/proyecto-entrega-2-grupo-9/Entrega2/Entrega2.srcs/sources_1/imports/new/full_adder4.vhd -to_files /home/federico/Desktop/proyecto-entrega-1c-fedetaladriz/project_final.srcs/sources_1/new/full_adder4.vhd -filesets [get_filesets *]
INFO: [filemgmt 20-762] Replacing file '/home/federico/Desktop/proyecto-entrega-1c-fedetaladriz/project_final.srcs/sources_1/new/full_adder4.vhd' with file '/home/federico/Desktop/proyecto-entrega-2-grupo-9/Entrega2/Entrega2.srcs/sources_1/imports/new/full_adder4.vhd'.
update_compile_order -fileset sources_1
