#-----------------------------------------------------------
# Vivado v2018.3 (64-bit)
# SW Build 2405991 on Thu Dec  6 23:38:27 MST 2018
# IP Build 2404404 on Fri Dec  7 01:43:56 MST 2018
# Start of session at: Sat Nov  2 13:00:10 2019
# Process ID: 11948
# Current directory: C:/Users/Joaquin Camus/Documents/Progra/U/ArquiComputadores/proyecto-entrega-2-grupo-9/Entrega2
# Command line: vivado.exe -gui_launcher_event rodinguilauncherevent2524 C:\Users\Joaquin Camus\Documents\Progra\U\ArquiComputadores\proyecto-entrega-2-grupo-9\Entrega2\Entrega2.xpr
# Log file: C:/Users/Joaquin Camus/Documents/Progra/U/ArquiComputadores/proyecto-entrega-2-grupo-9/Entrega2/vivado.log
# Journal file: C:/Users/Joaquin Camus/Documents/Progra/U/ArquiComputadores/proyecto-entrega-2-grupo-9/Entrega2\vivado.jou
#-----------------------------------------------------------
start_gui
open_project {C:/Users/Joaquin Camus/Documents/Progra/U/ArquiComputadores/proyecto-entrega-2-grupo-9/Entrega2/Entrega2.xpr}
INFO: [ProjectBase 1-489] The host OS only allows 260 characters in a normal path. The project is stored in a path with more than 80 characters. If you experience issues with IP, Block Designs, or files not being found, please consider moving the project to a location with a shorter path. Alternately consider using the OS subst command to map part of the path to a drive letter.
Current project path is 'C:/Users/Joaquin Camus/Documents/Progra/U/ArquiComputadores/proyecto-entrega-2-grupo-9/Entrega2'
INFO: [Project 1-313] Project file moved from '/home/federico/Desktop/proyecto-entrega-2-grupo-9/Entrega2' since last save.
Scanning sources...
Finished scanning sources
INFO: [IP_Flow 19-234] Refreshing IP repositories
INFO: [IP_Flow 19-1704] No user IP repositories specified
INFO: [IP_Flow 19-2313] Loaded Vivado IP repository 'C:/Xilinx/Vivado/2018.3/data/ip'.
open_project: Time (s): cpu = 00:00:22 ; elapsed = 00:00:29 . Memory (MB): peak = 671.078 ; gain = 107.992
update_compile_order -fileset sources_1
reset_run synth_1
launch_runs impl_1 -to_step write_bitstream -jobs 2
[Sat Nov  2 13:04:14 2019] Launched synth_1...
Run output will be captured here: C:/Users/Joaquin Camus/Documents/Progra/U/ArquiComputadores/proyecto-entrega-2-grupo-9/Entrega2/Entrega2.runs/synth_1/runme.log
[Sat Nov  2 13:04:14 2019] Launched impl_1...
Run output will be captured here: C:/Users/Joaquin Camus/Documents/Progra/U/ArquiComputadores/proyecto-entrega-2-grupo-9/Entrega2/Entrega2.runs/impl_1/runme.log
reset_run synth_1
launch_runs impl_1 -to_step write_bitstream -jobs 2
[Sat Nov  2 13:05:39 2019] Launched synth_1...
Run output will be captured here: C:/Users/Joaquin Camus/Documents/Progra/U/ArquiComputadores/proyecto-entrega-2-grupo-9/Entrega2/Entrega2.runs/synth_1/runme.log
[Sat Nov  2 13:05:39 2019] Launched impl_1...
Run output will be captured here: C:/Users/Joaquin Camus/Documents/Progra/U/ArquiComputadores/proyecto-entrega-2-grupo-9/Entrega2/Entrega2.runs/impl_1/runme.log
open_hw
connect_hw_server
INFO: [Labtools 27-2285] Connecting to hw_server url TCP:localhost:3121
INFO: [Labtools 27-2222] Launching hw_server...
INFO: [Labtools 27-2221] Launch Output:

****** Xilinx hw_server v2018.3
  **** Build date : Dec  7 2018-00:40:27
    ** Copyright 1986-2018 Xilinx, Inc. All Rights Reserved.


connect_hw_server: Time (s): cpu = 00:00:00 ; elapsed = 00:00:06 . Memory (MB): peak = 745.176 ; gain = 0.000
open_hw_target
INFO: [Labtoolstcl 44-466] Opening hw_target localhost:3121/xilinx_tcf/Digilent/210183735717A
open_hw_target: Time (s): cpu = 00:00:05 ; elapsed = 00:00:06 . Memory (MB): peak = 1681.020 ; gain = 935.844
set_property PROGRAM.FILE {C:/Users/Joaquin Camus/Documents/Progra/U/ArquiComputadores/proyecto-entrega-2-grupo-9/Entrega2/Entrega2.runs/impl_1/Principal.bit} [get_hw_devices xc7a35t_0]
current_hw_device [get_hw_devices xc7a35t_0]
refresh_hw_device -update_hw_probes false [lindex [get_hw_devices xc7a35t_0] 0]
INFO: [Labtools 27-1435] Device xc7a35t (JTAG device index = 0) is not programmed (DONE status = 0).
set_property PROBES.FILE {} [get_hw_devices xc7a35t_0]
set_property FULL_PROBES.FILE {} [get_hw_devices xc7a35t_0]
set_property PROGRAM.FILE {C:/Users/Joaquin Camus/Documents/Progra/U/ArquiComputadores/proyecto-entrega-2-grupo-9/Entrega2/Entrega2.runs/impl_1/Principal.bit} [get_hw_devices xc7a35t_0]
program_hw_devices [get_hw_devices xc7a35t_0]
INFO: [Labtools 27-3164] End of startup status: HIGH
refresh_hw_device [lindex [get_hw_devices xc7a35t_0] 0]
INFO: [Labtools 27-1434] Device xc7a35t (JTAG device index = 0) is programmed with a design that has no supported debug core(s) in it.
reset_run synth_1
launch_runs impl_1 -jobs 2
[Sat Nov  2 13:13:35 2019] Launched synth_1...
Run output will be captured here: C:/Users/Joaquin Camus/Documents/Progra/U/ArquiComputadores/proyecto-entrega-2-grupo-9/Entrega2/Entrega2.runs/synth_1/runme.log
[Sat Nov  2 13:13:36 2019] Launched impl_1...
Run output will be captured here: C:/Users/Joaquin Camus/Documents/Progra/U/ArquiComputadores/proyecto-entrega-2-grupo-9/Entrega2/Entrega2.runs/impl_1/runme.log
launch_runs impl_1 -to_step write_bitstream -jobs 2
[Sat Nov  2 13:16:02 2019] Launched impl_1...
Run output will be captured here: C:/Users/Joaquin Camus/Documents/Progra/U/ArquiComputadores/proyecto-entrega-2-grupo-9/Entrega2/Entrega2.runs/impl_1/runme.log
set_property PROBES.FILE {} [get_hw_devices xc7a35t_0]
set_property FULL_PROBES.FILE {} [get_hw_devices xc7a35t_0]
set_property PROGRAM.FILE {C:/Users/Joaquin Camus/Documents/Progra/U/ArquiComputadores/proyecto-entrega-2-grupo-9/Entrega2/Entrega2.runs/impl_1/Principal.bit} [get_hw_devices xc7a35t_0]
program_hw_devices [get_hw_devices xc7a35t_0]
INFO: [Labtools 27-3164] End of startup status: HIGH
refresh_hw_device [lindex [get_hw_devices xc7a35t_0] 0]
INFO: [Labtools 27-1434] Device xc7a35t (JTAG device index = 0) is programmed with a design that has no supported debug core(s) in it.
set_property PROBES.FILE {} [get_hw_devices xc7a35t_0]
set_property FULL_PROBES.FILE {} [get_hw_devices xc7a35t_0]
set_property PROGRAM.FILE {C:/Users/Joaquin Camus/Documents/Progra/U/ArquiComputadores/proyecto-entrega-2-grupo-9/Entrega2/Entrega2.runs/impl_1/Principal.bit} [get_hw_devices xc7a35t_0]
program_hw_devices [get_hw_devices xc7a35t_0]
INFO: [Labtools 27-3164] End of startup status: HIGH
refresh_hw_device [lindex [get_hw_devices xc7a35t_0] 0]
INFO: [Labtools 27-1434] Device xc7a35t (JTAG device index = 0) is programmed with a design that has no supported debug core(s) in it.
ERROR: [Labtoolstcl 44-513] HW Target shutdown. Closing target: localhost:3121/xilinx_tcf/Digilent/210183735717A
INFO: [Labtoolstcl 44-466] Opening hw_target localhost:3121/xilinx_tcf/Digilent/210183735717A
INFO: [Labtools 27-1434] Device xc7a35t (JTAG device index = 0) is programmed with a design that has no supported debug core(s) in it.
WARNING: [Labtoolstcl 44-129] No matching hw_ila_data was found.
reset_run impl_1 -prev_step 
launch_runs impl_1 -to_step write_bitstream -jobs 2
[Sat Nov  2 13:38:34 2019] Launched impl_1...
Run output will be captured here: C:/Users/Joaquin Camus/Documents/Progra/U/ArquiComputadores/proyecto-entrega-2-grupo-9/Entrega2/Entrega2.runs/impl_1/runme.log
set_property PROBES.FILE {} [get_hw_devices xc7a35t_0]
set_property FULL_PROBES.FILE {} [get_hw_devices xc7a35t_0]
set_property PROGRAM.FILE {C:/Users/Joaquin Camus/Documents/Progra/U/ArquiComputadores/proyecto-entrega-2-grupo-9/Entrega2/Entrega2.runs/impl_1/Principal.bit} [get_hw_devices xc7a35t_0]
program_hw_devices [get_hw_devices xc7a35t_0]
INFO: [Labtools 27-3164] End of startup status: HIGH
refresh_hw_device [lindex [get_hw_devices xc7a35t_0] 0]
INFO: [Labtools 27-1434] Device xc7a35t (JTAG device index = 0) is programmed with a design that has no supported debug core(s) in it.
reset_run synth_1
launch_runs impl_1 -to_step write_bitstream -jobs 2
[Sat Nov  2 13:42:29 2019] Launched synth_1...
Run output will be captured here: C:/Users/Joaquin Camus/Documents/Progra/U/ArquiComputadores/proyecto-entrega-2-grupo-9/Entrega2/Entrega2.runs/synth_1/runme.log
[Sat Nov  2 13:42:29 2019] Launched impl_1...
Run output will be captured here: C:/Users/Joaquin Camus/Documents/Progra/U/ArquiComputadores/proyecto-entrega-2-grupo-9/Entrega2/Entrega2.runs/impl_1/runme.log
set_property PROBES.FILE {} [get_hw_devices xc7a35t_0]
set_property FULL_PROBES.FILE {} [get_hw_devices xc7a35t_0]
set_property PROGRAM.FILE {C:/Users/Joaquin Camus/Documents/Progra/U/ArquiComputadores/proyecto-entrega-2-grupo-9/Entrega2/Entrega2.runs/impl_1/Principal.bit} [get_hw_devices xc7a35t_0]
program_hw_devices [get_hw_devices xc7a35t_0]
INFO: [Labtools 27-3164] End of startup status: HIGH
refresh_hw_device [lindex [get_hw_devices xc7a35t_0] 0]
INFO: [Labtools 27-1434] Device xc7a35t (JTAG device index = 0) is programmed with a design that has no supported debug core(s) in it.
update_compile_order -fileset sources_1
update_compile_order -fileset sources_1
reset_run synth_1
launch_runs impl_1 -to_step write_bitstream -jobs 2
[Sat Nov  2 13:49:33 2019] Launched synth_1...
Run output will be captured here: C:/Users/Joaquin Camus/Documents/Progra/U/ArquiComputadores/proyecto-entrega-2-grupo-9/Entrega2/Entrega2.runs/synth_1/runme.log
[Sat Nov  2 13:49:33 2019] Launched impl_1...
Run output will be captured here: C:/Users/Joaquin Camus/Documents/Progra/U/ArquiComputadores/proyecto-entrega-2-grupo-9/Entrega2/Entrega2.runs/impl_1/runme.log
set_property PROBES.FILE {} [get_hw_devices xc7a35t_0]
set_property FULL_PROBES.FILE {} [get_hw_devices xc7a35t_0]
set_property PROGRAM.FILE {C:/Users/Joaquin Camus/Documents/Progra/U/ArquiComputadores/proyecto-entrega-2-grupo-9/Entrega2/Entrega2.runs/impl_1/Principal.bit} [get_hw_devices xc7a35t_0]
program_hw_devices [get_hw_devices xc7a35t_0]
INFO: [Labtools 27-3164] End of startup status: HIGH
refresh_hw_device [lindex [get_hw_devices xc7a35t_0] 0]
INFO: [Labtools 27-1434] Device xc7a35t (JTAG device index = 0) is programmed with a design that has no supported debug core(s) in it.
reset_run synth_1
launch_runs impl_1 -to_step write_bitstream -jobs 2
[Sat Nov  2 13:52:51 2019] Launched synth_1...
Run output will be captured here: C:/Users/Joaquin Camus/Documents/Progra/U/ArquiComputadores/proyecto-entrega-2-grupo-9/Entrega2/Entrega2.runs/synth_1/runme.log
[Sat Nov  2 13:52:51 2019] Launched impl_1...
Run output will be captured here: C:/Users/Joaquin Camus/Documents/Progra/U/ArquiComputadores/proyecto-entrega-2-grupo-9/Entrega2/Entrega2.runs/impl_1/runme.log
set_property PROBES.FILE {} [get_hw_devices xc7a35t_0]
set_property FULL_PROBES.FILE {} [get_hw_devices xc7a35t_0]
set_property PROGRAM.FILE {C:/Users/Joaquin Camus/Documents/Progra/U/ArquiComputadores/proyecto-entrega-2-grupo-9/Entrega2/Entrega2.runs/impl_1/Principal.bit} [get_hw_devices xc7a35t_0]
program_hw_devices [get_hw_devices xc7a35t_0]
INFO: [Labtools 27-3164] End of startup status: HIGH
refresh_hw_device [lindex [get_hw_devices xc7a35t_0] 0]
INFO: [Labtools 27-1434] Device xc7a35t (JTAG device index = 0) is programmed with a design that has no supported debug core(s) in it.
reset_run synth_1
launch_runs impl_1 -to_step write_bitstream -jobs 2
[Sat Nov  2 13:57:11 2019] Launched synth_1...
Run output will be captured here: C:/Users/Joaquin Camus/Documents/Progra/U/ArquiComputadores/proyecto-entrega-2-grupo-9/Entrega2/Entrega2.runs/synth_1/runme.log
[Sat Nov  2 13:57:11 2019] Launched impl_1...
Run output will be captured here: C:/Users/Joaquin Camus/Documents/Progra/U/ArquiComputadores/proyecto-entrega-2-grupo-9/Entrega2/Entrega2.runs/impl_1/runme.log
reset_run synth_1
launch_runs impl_1 -to_step write_bitstream -jobs 2
[Sat Nov  2 13:57:32 2019] Launched synth_1...
Run output will be captured here: C:/Users/Joaquin Camus/Documents/Progra/U/ArquiComputadores/proyecto-entrega-2-grupo-9/Entrega2/Entrega2.runs/synth_1/runme.log
[Sat Nov  2 13:57:32 2019] Launched impl_1...
Run output will be captured here: C:/Users/Joaquin Camus/Documents/Progra/U/ArquiComputadores/proyecto-entrega-2-grupo-9/Entrega2/Entrega2.runs/impl_1/runme.log
set_property PROBES.FILE {} [get_hw_devices xc7a35t_0]
set_property FULL_PROBES.FILE {} [get_hw_devices xc7a35t_0]
set_property PROGRAM.FILE {C:/Users/Joaquin Camus/Documents/Progra/U/ArquiComputadores/proyecto-entrega-2-grupo-9/Entrega2/Entrega2.runs/impl_1/Principal.bit} [get_hw_devices xc7a35t_0]
program_hw_devices [get_hw_devices xc7a35t_0]
INFO: [Labtools 27-3164] End of startup status: HIGH
refresh_hw_device [lindex [get_hw_devices xc7a35t_0] 0]
INFO: [Labtools 27-1434] Device xc7a35t (JTAG device index = 0) is programmed with a design that has no supported debug core(s) in it.
set_property PROBES.FILE {} [get_hw_devices xc7a35t_0]
set_property FULL_PROBES.FILE {} [get_hw_devices xc7a35t_0]
set_property PROGRAM.FILE {C:/Users/Joaquin Camus/Documents/Progra/U/ArquiComputadores/proyecto-entrega-2-grupo-9/Entrega2/Entrega2.runs/impl_1/Principal.bit} [get_hw_devices xc7a35t_0]
program_hw_devices [get_hw_devices xc7a35t_0]
INFO: [Labtools 27-3164] End of startup status: HIGH
refresh_hw_device [lindex [get_hw_devices xc7a35t_0] 0]
INFO: [Labtools 27-1434] Device xc7a35t (JTAG device index = 0) is programmed with a design that has no supported debug core(s) in it.
reset_run synth_1
launch_runs impl_1 -to_step write_bitstream -jobs 2
[Sat Nov  2 14:02:29 2019] Launched synth_1...
Run output will be captured here: C:/Users/Joaquin Camus/Documents/Progra/U/ArquiComputadores/proyecto-entrega-2-grupo-9/Entrega2/Entrega2.runs/synth_1/runme.log
[Sat Nov  2 14:02:29 2019] Launched impl_1...
Run output will be captured here: C:/Users/Joaquin Camus/Documents/Progra/U/ArquiComputadores/proyecto-entrega-2-grupo-9/Entrega2/Entrega2.runs/impl_1/runme.log
set_property PROBES.FILE {} [get_hw_devices xc7a35t_0]
set_property FULL_PROBES.FILE {} [get_hw_devices xc7a35t_0]
set_property PROGRAM.FILE {C:/Users/Joaquin Camus/Documents/Progra/U/ArquiComputadores/proyecto-entrega-2-grupo-9/Entrega2/Entrega2.runs/impl_1/Principal.bit} [get_hw_devices xc7a35t_0]
program_hw_devices [get_hw_devices xc7a35t_0]
INFO: [Labtools 27-3164] End of startup status: HIGH
refresh_hw_device [lindex [get_hw_devices xc7a35t_0] 0]
INFO: [Labtools 27-1434] Device xc7a35t (JTAG device index = 0) is programmed with a design that has no supported debug core(s) in it.
reset_run synth_1
launch_runs impl_1 -to_step write_bitstream -jobs 2
[Sat Nov  2 14:07:13 2019] Launched synth_1...
Run output will be captured here: C:/Users/Joaquin Camus/Documents/Progra/U/ArquiComputadores/proyecto-entrega-2-grupo-9/Entrega2/Entrega2.runs/synth_1/runme.log
[Sat Nov  2 14:07:13 2019] Launched impl_1...
Run output will be captured here: C:/Users/Joaquin Camus/Documents/Progra/U/ArquiComputadores/proyecto-entrega-2-grupo-9/Entrega2/Entrega2.runs/impl_1/runme.log
reset_run synth_1
launch_runs impl_1 -to_step write_bitstream -jobs 2
[Sat Nov  2 14:09:13 2019] Launched synth_1...
Run output will be captured here: C:/Users/Joaquin Camus/Documents/Progra/U/ArquiComputadores/proyecto-entrega-2-grupo-9/Entrega2/Entrega2.runs/synth_1/runme.log
[Sat Nov  2 14:09:13 2019] Launched impl_1...
Run output will be captured here: C:/Users/Joaquin Camus/Documents/Progra/U/ArquiComputadores/proyecto-entrega-2-grupo-9/Entrega2/Entrega2.runs/impl_1/runme.log
set_property PROBES.FILE {} [get_hw_devices xc7a35t_0]
set_property FULL_PROBES.FILE {} [get_hw_devices xc7a35t_0]
set_property PROGRAM.FILE {C:/Users/Joaquin Camus/Documents/Progra/U/ArquiComputadores/proyecto-entrega-2-grupo-9/Entrega2/Entrega2.runs/impl_1/Principal.bit} [get_hw_devices xc7a35t_0]
program_hw_devices [get_hw_devices xc7a35t_0]
INFO: [Labtools 27-3164] End of startup status: HIGH
refresh_hw_device [lindex [get_hw_devices xc7a35t_0] 0]
INFO: [Labtools 27-1434] Device xc7a35t (JTAG device index = 0) is programmed with a design that has no supported debug core(s) in it.
reset_run synth_1
launch_runs impl_1 -to_step write_bitstream -jobs 2
[Sat Nov  2 14:14:23 2019] Launched synth_1...
Run output will be captured here: C:/Users/Joaquin Camus/Documents/Progra/U/ArquiComputadores/proyecto-entrega-2-grupo-9/Entrega2/Entrega2.runs/synth_1/runme.log
[Sat Nov  2 14:14:23 2019] Launched impl_1...
Run output will be captured here: C:/Users/Joaquin Camus/Documents/Progra/U/ArquiComputadores/proyecto-entrega-2-grupo-9/Entrega2/Entrega2.runs/impl_1/runme.log
set_property PROBES.FILE {} [get_hw_devices xc7a35t_0]
set_property FULL_PROBES.FILE {} [get_hw_devices xc7a35t_0]
set_property PROGRAM.FILE {C:/Users/Joaquin Camus/Documents/Progra/U/ArquiComputadores/proyecto-entrega-2-grupo-9/Entrega2/Entrega2.runs/impl_1/Principal.bit} [get_hw_devices xc7a35t_0]
program_hw_devices [get_hw_devices xc7a35t_0]
INFO: [Labtools 27-3164] End of startup status: HIGH
refresh_hw_device [lindex [get_hw_devices xc7a35t_0] 0]
INFO: [Labtools 27-1434] Device xc7a35t (JTAG device index = 0) is programmed with a design that has no supported debug core(s) in it.
exit
INFO: [Common 17-206] Exiting Vivado at Sat Nov  2 14:22:22 2019...
