#-----------------------------------------------------------
# Vivado v2018.3 (64-bit)
# SW Build 2405991 on Thu Dec  6 23:38:27 MST 2018
# IP Build 2404404 on Fri Dec  7 01:43:56 MST 2018
# Start of session at: Wed Oct 30 16:50:17 2019
# Process ID: 8380
# Current directory: C:/Users/Joaquin Camus/Documents/Progra/U/ArquiComputadores/proyecto-entrega-2-grupo-9/Entrega2
# Command line: vivado.exe -gui_launcher_event rodinguilauncherevent3484 C:\Users\Joaquin Camus\Documents\Progra\U\ArquiComputadores\proyecto-entrega-2-grupo-9\Entrega2\Entrega2.xpr
# Log file: C:/Users/Joaquin Camus/Documents/Progra/U/ArquiComputadores/proyecto-entrega-2-grupo-9/Entrega2/vivado.log
# Journal file: C:/Users/Joaquin Camus/Documents/Progra/U/ArquiComputadores/proyecto-entrega-2-grupo-9/Entrega2\vivado.jou
#-----------------------------------------------------------
start_gui
open_project {C:/Users/Joaquin Camus/Documents/Progra/U/ArquiComputadores/proyecto-entrega-2-grupo-9/Entrega2/Entrega2.xpr}
INFO: [ProjectBase 1-489] The host OS only allows 260 characters in a normal path. The project is stored in a path with more than 80 characters. If you experience issues with IP, Block Designs, or files not being found, please consider moving the project to a location with a shorter path. Alternately consider using the OS subst command to map part of the path to a drive letter.
Current project path is 'C:/Users/Joaquin Camus/Documents/Progra/U/ArquiComputadores/proyecto-entrega-2-grupo-9/Entrega2'
Scanning sources...
Finished scanning sources
INFO: [IP_Flow 19-234] Refreshing IP repositories
INFO: [IP_Flow 19-1704] No user IP repositories specified
INFO: [IP_Flow 19-2313] Loaded Vivado IP repository 'C:/Xilinx/Vivado/2018.3/data/ip'.
open_project: Time (s): cpu = 00:00:23 ; elapsed = 00:00:32 . Memory (MB): peak = 661.398 ; gain = 103.719
update_compile_order -fileset sources_1
exit
INFO: [Common 17-206] Exiting Vivado at Wed Oct 30 17:18:56 2019...
